0 silly argv { _: [ 'bootstrap' ],
0 silly argv   lernaVersion: '3.16.4',
0 silly argv   '$0':
0 silly argv    'C:\\Users\\M\\AppData\\Roaming\\npm-cache\\_npx\\23316\\node_modules\\lerna\\cli.js' }
1 notice cli v3.16.4
2 verbose rootPath C:\www\dwadwadwa
3 silly batched [ PackageGraphNode {
3 silly batched     name: '@dwadwadwa/compiler',
3 silly batched     externalDependencies:
3 silly batched      Map {
3 silly batched        '@babel/core' => [Result],
3 silly batched        '@babel/plugin-proposal-class-properties' => [Result],
3 silly batched        '@babel/plugin-proposal-object-rest-spread' => [Result],
3 silly batched        '@babel/plugin-transform-flow-strip-types' => [Result],
3 silly batched        '@babel/plugin-transform-react-jsx' => [Result],
3 silly batched        '@babel/preset-env' => [Result],
3 silly batched        '@babel/preset-react' => [Result],
3 silly batched        'acorn' => [Result],
3 silly batched        'ansi-colors' => [Result],
3 silly batched        'autoprefixer' => [Result],
3 silly batched        'babel-loader' => [Result],
3 silly batched        'clone' => [Result],
3 silly batched        'css-loader' => [Result],
3 silly batched        'cssnano' => [Result],
3 silly batched        'fast-async' => [Result],
3 silly batched        'fs-extra' => [Result],
3 silly batched        'get-port' => [Result],
3 silly batched        'gzip-size' => [Result],
3 silly batched        'mini-css-extract-plugin' => [Result],
3 silly batched        'optimize-css-assets-webpack-plugin' => [Result],
3 silly batched        'pocket.io' => [Result],
3 silly batched        'postcss' => [Result],
3 silly batched        'postcss-cssnext' => [Result],
3 silly batched        'postcss-discard-comments' => [Result],
3 silly batched        'postcss-import' => [Result],
3 silly batched        'postcss-loader' => [Result],
3 silly batched        'postcss-nested' => [Result],
3 silly batched        'sass' => [Result],
3 silly batched        'sass-loader' => [Result],
3 silly batched        'socket.io' => [Result],
3 silly batched        'style-loader' => [Result],
3 silly batched        'webpack' => [Result] },
3 silly batched     localDependencies: Map {},
3 silly batched     localDependents: Map { 'dwadwadwa' => [PackageGraphNode] } },
3 silly batched   PackageGraphNode {
3 silly batched     name: '@dwadwadwa/util',
3 silly batched     externalDependencies:
3 silly batched      Map {
3 silly batched        'ansi-colors' => [Result],
3 silly batched        'exit' => [Result],
3 silly batched        'exit-hook' => [Result],
3 silly batched        'fs-extra' => [Result],
3 silly batched        'log-update' => [Result],
3 silly batched        'merge-deep' => [Result],
3 silly batched        'micromatch' => [Result],
3 silly batched        'neat-log' => [Result],
3 silly batched        'yaml' => [Result] },
3 silly batched     localDependencies: Map {},
3 silly batched     localDependents:
3 silly batched      Map {
3 silly batched        'dwadwadwa' => [PackageGraphNode],
3 silly batched        '@dwadwadwa/sync' => [PackageGraphNode] } } ]
4 silly batched [ PackageGraphNode {
4 silly batched     name: '@dwadwadwa/sync',
4 silly batched     externalDependencies:
4 silly batched      Map {
4 silly batched        'ansi-colors' => [Result],
4 silly batched        'exit' => [Result],
4 silly batched        'fs-extra' => [Result],
4 silly batched        'log-update' => [Result],
4 silly batched        'micromatch' => [Result],
4 silly batched        'node-fetch' => [Result],
4 silly batched        'parse-gitignore' => [Result],
4 silly batched        'recursive-readdir' => [Result],
4 silly batched        'w2t' => [Result],
4 silly batched        'yaml' => [Result],
4 silly batched        'zip-folder' => [Result] },
4 silly batched     localDependencies: Map {},
4 silly batched     localDependents: Map { 'dwadwadwa' => [PackageGraphNode] } } ]
5 silly batched [ PackageGraphNode {
5 silly batched     name: 'dwadwadwa',
5 silly batched     externalDependencies:
5 silly batched      Map {
5 silly batched        '@friendsof/spaghetti' => [Result],
5 silly batched        'ansi-colors' => [Result],
5 silly batched        'anymatch' => [Result],
5 silly batched        'chokidar' => [Result],
5 silly batched        'commander' => [Result],
5 silly batched        'download' => [Result],
5 silly batched        'exit' => [Result],
5 silly batched        'exit-hook' => [Result],
5 silly batched        'extract-zip' => [Result],
5 silly batched        'fs-extra' => [Result],
5 silly batched        'gzip-size' => [Result],
5 silly batched        'log-update' => [Result],
5 silly batched        'merge-deep' => [Result],
5 silly batched        'micromatch' => [Result],
5 silly batched        'node-fetch' => [Result],
5 silly batched        'parse-gitignore' => [Result],
5 silly batched        'request' => [Result],
5 silly batched        'socket.io' => [Result],
5 silly batched        'terminal-link' => [Result],
5 silly batched        'unzipper' => [Result],
5 silly batched        'w2t' => [Result],
5 silly batched        'webpack' => [Result],
5 silly batched        'yaml' => [Result] },
5 silly batched     localDependencies: Map {},
5 silly batched     localDependents: Map { '@dwadwadwa/theme' => [PackageGraphNode] } } ]
6 silly batched [ PackageGraphNode {
6 silly batched     name: '@dwadwadwa/theme',
6 silly batched     externalDependencies:
6 silly batched      Map {
6 silly batched        'choozy' => [Result],
6 silly batched        'lazim' => [Result],
6 silly batched        'mitt' => [Result],
6 silly batched        'operator' => [Result],
6 silly batched        'picoapp' => [Result],
6 silly batched        'sliced' => [Result],
6 silly batched        'svbstrate' => [Result],
6 silly batched        'unfetch' => [Result] },
6 silly batched     localDependencies: Map {},
6 silly batched     localDependents: Map {} } ]
7 silly npmConfig { registry: undefined,
7 silly npmConfig   npmClient: 'npm',
7 silly npmConfig   npmClientArgs: [],
7 silly npmConfig   mutex: undefined }
8 info Bootstrapping 5 packages
9 verbose lifecycle preinstall
10 silly lifecycle No script for "preinstall" in "@dwadwadwa/compiler", continuing
11 silly lifecycle No script for "preinstall" in "@dwadwadwa/util", continuing
12 silly lifecycle No script for "preinstall" in "@dwadwadwa/sync", continuing
13 silly lifecycle No script for "preinstall" in "dwadwadwa", continuing
14 silly lifecycle No script for "preinstall" in "@dwadwadwa/theme", continuing
15 silly hasDependencyInstalled @dwadwadwa/compiler @babel/core
16 silly hasDependencyInstalled @dwadwadwa/compiler @babel/plugin-proposal-class-properties
17 silly hasDependencyInstalled @dwadwadwa/compiler @babel/plugin-proposal-object-rest-spread
18 silly hasDependencyInstalled @dwadwadwa/compiler @babel/plugin-transform-flow-strip-types
19 silly hasDependencyInstalled @dwadwadwa/compiler @babel/plugin-transform-react-jsx
20 silly hasDependencyInstalled @dwadwadwa/compiler @babel/preset-env
21 silly hasDependencyInstalled @dwadwadwa/compiler @babel/preset-react
22 silly hasDependencyInstalled @dwadwadwa/compiler acorn
23 silly hasDependencyInstalled @dwadwadwa/compiler ansi-colors
24 silly hasDependencyInstalled dwadwadwa ansi-colors
25 silly hasDependencyInstalled @dwadwadwa/sync ansi-colors
26 silly hasDependencyInstalled @dwadwadwa/util ansi-colors
27 silly hasDependencyInstalled @dwadwadwa/compiler autoprefixer
28 silly hasDependencyInstalled @dwadwadwa/compiler babel-loader
29 silly hasDependencyInstalled @dwadwadwa/compiler clone
30 silly hasDependencyInstalled @dwadwadwa/compiler css-loader
31 silly hasDependencyInstalled @dwadwadwa/compiler cssnano
32 silly hasDependencyInstalled @dwadwadwa/compiler fast-async
33 silly hasDependencyInstalled @dwadwadwa/compiler fs-extra
34 silly hasDependencyInstalled @dwadwadwa/sync fs-extra
35 silly hasDependencyInstalled @dwadwadwa/util fs-extra
36 silly hasDependencyInstalled dwadwadwa fs-extra
37 silly hasDependencyInstalled @dwadwadwa/compiler get-port
38 silly hasDependencyInstalled @dwadwadwa/compiler gzip-size
39 silly hasDependencyInstalled dwadwadwa gzip-size
40 silly hasDependencyInstalled @dwadwadwa/compiler mini-css-extract-plugin
41 silly hasDependencyInstalled @dwadwadwa/compiler optimize-css-assets-webpack-plugin
42 silly hasDependencyInstalled @dwadwadwa/compiler pocket.io
43 silly hasDependencyInstalled @dwadwadwa/compiler postcss
44 silly hasDependencyInstalled @dwadwadwa/compiler postcss-cssnext
45 silly hasDependencyInstalled @dwadwadwa/compiler postcss-discard-comments
46 silly hasDependencyInstalled @dwadwadwa/compiler postcss-import
47 silly hasDependencyInstalled @dwadwadwa/compiler postcss-loader
48 silly hasDependencyInstalled @dwadwadwa/compiler postcss-nested
49 silly hasDependencyInstalled @dwadwadwa/compiler sass
50 silly hasDependencyInstalled @dwadwadwa/compiler sass-loader
51 silly hasDependencyInstalled @dwadwadwa/compiler socket.io
52 silly hasDependencyInstalled dwadwadwa socket.io
53 silly hasDependencyInstalled @dwadwadwa/compiler style-loader
54 silly hasDependencyInstalled @dwadwadwa/compiler webpack
55 silly hasDependencyInstalled dwadwadwa webpack
56 silly hasDependencyInstalled dwadwadwa @friendsof/spaghetti
57 silly hasDependencyInstalled dwadwadwa anymatch
58 silly hasDependencyInstalled dwadwadwa chokidar
59 silly hasDependencyInstalled dwadwadwa commander
60 silly hasDependencyInstalled dwadwadwa download
61 silly hasDependencyInstalled dwadwadwa exit
62 silly hasDependencyInstalled @dwadwadwa/sync exit
63 silly hasDependencyInstalled @dwadwadwa/util exit
64 silly hasDependencyInstalled dwadwadwa exit-hook
65 silly hasDependencyInstalled @dwadwadwa/util exit-hook
66 silly hasDependencyInstalled dwadwadwa extract-zip
67 silly hasDependencyInstalled dwadwadwa log-update
68 silly hasDependencyInstalled @dwadwadwa/sync log-update
69 silly hasDependencyInstalled @dwadwadwa/util log-update
70 silly hasDependencyInstalled dwadwadwa merge-deep
71 silly hasDependencyInstalled @dwadwadwa/util merge-deep
72 silly hasDependencyInstalled dwadwadwa micromatch
73 silly hasDependencyInstalled @dwadwadwa/sync micromatch
74 silly hasDependencyInstalled @dwadwadwa/util micromatch
75 silly hasDependencyInstalled dwadwadwa node-fetch
76 silly hasDependencyInstalled @dwadwadwa/sync node-fetch
77 silly hasDependencyInstalled dwadwadwa parse-gitignore
78 silly hasDependencyInstalled @dwadwadwa/sync parse-gitignore
79 silly hasDependencyInstalled dwadwadwa request
80 silly hasDependencyInstalled dwadwadwa terminal-link
81 silly hasDependencyInstalled dwadwadwa unzipper
82 silly hasDependencyInstalled dwadwadwa w2t
83 silly hasDependencyInstalled @dwadwadwa/sync w2t
84 silly hasDependencyInstalled dwadwadwa yaml
85 silly hasDependencyInstalled @dwadwadwa/sync yaml
86 silly hasDependencyInstalled @dwadwadwa/util yaml
87 silly hasDependencyInstalled @dwadwadwa/sync recursive-readdir
88 silly hasDependencyInstalled @dwadwadwa/sync zip-folder
89 silly hasDependencyInstalled @dwadwadwa/theme choozy
90 silly hasDependencyInstalled @dwadwadwa/theme lazim
91 silly hasDependencyInstalled @dwadwadwa/theme mitt
92 silly hasDependencyInstalled @dwadwadwa/theme operator
93 silly hasDependencyInstalled @dwadwadwa/theme picoapp
94 silly hasDependencyInstalled @dwadwadwa/theme sliced
95 silly hasDependencyInstalled @dwadwadwa/theme svbstrate
96 silly hasDependencyInstalled @dwadwadwa/theme unfetch
97 silly hasDependencyInstalled @dwadwadwa/util neat-log
98 silly root dependencies {}
99 silly leaf dependencies {}
100 info Installing external dependencies
101 verbose actions 5 actions, concurrency 4
102 silly npmInstallDependencies @dwadwadwa/compiler [ '@babel/core@^7.4.5',
102 silly npmInstallDependencies   '@babel/plugin-proposal-class-properties@^7.4.4',
102 silly npmInstallDependencies   '@babel/plugin-proposal-object-rest-spread@^7.4.4',
102 silly npmInstallDependencies   '@babel/plugin-transform-flow-strip-types@^7.4.4',
102 silly npmInstallDependencies   '@babel/plugin-transform-react-jsx@^7.3.0',
102 silly npmInstallDependencies   '@babel/preset-env@^7.4.5',
102 silly npmInstallDependencies   '@babel/preset-react@^7.0.0',
102 silly npmInstallDependencies   'acorn@^6.1.1',
102 silly npmInstallDependencies   'ansi-colors@^3.2.4',
102 silly npmInstallDependencies   'autoprefixer@^9.6.0',
102 silly npmInstallDependencies   'babel-loader@^8.0.6',
102 silly npmInstallDependencies   'clone@^2.1.2',
102 silly npmInstallDependencies   'css-loader@^2.1.0',
102 silly npmInstallDependencies   'cssnano@^4.1.10',
102 silly npmInstallDependencies   'fast-async@^6.3.8',
102 silly npmInstallDependencies   'fs-extra@^7.0.1',
102 silly npmInstallDependencies   'get-port@^4.2.0',
102 silly npmInstallDependencies   'gzip-size@^5.1.1',
102 silly npmInstallDependencies   'mini-css-extract-plugin@^0.5.0',
102 silly npmInstallDependencies   'optimize-css-assets-webpack-plugin@^5.0.1',
102 silly npmInstallDependencies   'pocket.io@^0.1.4',
102 silly npmInstallDependencies   'postcss@^7.0.17',
102 silly npmInstallDependencies   'postcss-cssnext@^3.1.0',
102 silly npmInstallDependencies   'postcss-discard-comments@^4.0.2',
102 silly npmInstallDependencies   'postcss-import@^12.0.1',
102 silly npmInstallDependencies   'postcss-loader@^3.0.0',
102 silly npmInstallDependencies   'postcss-nested@^3.0.0',
102 silly npmInstallDependencies   'sass@^1.21.0',
102 silly npmInstallDependencies   'sass-loader@^7.1.0',
102 silly npmInstallDependencies   'socket.io@^2.2.0',
102 silly npmInstallDependencies   'style-loader@^0.20.3',
102 silly npmInstallDependencies   'webpack@^4.33.0' ]
103 silly npmInstallDependencies backup C:\www\dwadwadwa\packages\compiler\package.json
104 silly npmInstallDependencies dwadwadwa [ 'ansi-colors@^3.0.4',
104 silly npmInstallDependencies   'fs-extra@^7.0.0',
104 silly npmInstallDependencies   'gzip-size@^5.0.0',
104 silly npmInstallDependencies   'socket.io@^2.1.1',
104 silly npmInstallDependencies   'webpack@^4.26.0',
104 silly npmInstallDependencies   '@friendsof/spaghetti@^1.4.0',
104 silly npmInstallDependencies   'anymatch@^2.0.0',
104 silly npmInstallDependencies   'chokidar@^2.0.4',
104 silly npmInstallDependencies   'commander@^2.19.0',
104 silly npmInstallDependencies   'download@^7.1.0',
104 silly npmInstallDependencies   'exit@^0.1.2',
104 silly npmInstallDependencies   'exit-hook@^2.0.0',
104 silly npmInstallDependencies   'extract-zip@^1.6.7',
104 silly npmInstallDependencies   'log-update@^2.3.0',
104 silly npmInstallDependencies   'merge-deep@^3.0.2',
104 silly npmInstallDependencies   'micromatch@^3.1.10',
104 silly npmInstallDependencies   'node-fetch@^2.3.0',
104 silly npmInstallDependencies   'parse-gitignore@^1.0.1',
104 silly npmInstallDependencies   'request@^2.88.0',
104 silly npmInstallDependencies   'terminal-link@^1.2.0',
104 silly npmInstallDependencies   'unzipper@^0.9.10',
104 silly npmInstallDependencies   'w2t@0.0.2',
104 silly npmInstallDependencies   'yaml@^1.0.0-rc.7' ]
105 silly npmInstallDependencies backup C:\www\dwadwadwa\packages\slater\package.json
106 silly npmInstallDependencies @dwadwadwa/sync [ 'ansi-colors@^3.0.4',
106 silly npmInstallDependencies   'fs-extra@^7.0.1',
106 silly npmInstallDependencies   'exit@^0.1.2',
106 silly npmInstallDependencies   'log-update@^2.3.0',
106 silly npmInstallDependencies   'micromatch@^3.1.10',
106 silly npmInstallDependencies   'node-fetch@^2.2.0',
106 silly npmInstallDependencies   'parse-gitignore@^1.0.1',
106 silly npmInstallDependencies   'w2t@0.0.2',
106 silly npmInstallDependencies   'yaml@^1.2.1',
106 silly npmInstallDependencies   'recursive-readdir@^2.2.2',
106 silly npmInstallDependencies   'zip-folder@^1.0.0' ]
107 silly npmInstallDependencies backup C:\www\dwadwadwa\packages\sync\package.json
108 silly npmInstallDependencies @dwadwadwa/util [ 'ansi-colors@^3.0.4',
108 silly npmInstallDependencies   'fs-extra@^7.0.1',
108 silly npmInstallDependencies   'exit@^0.1.2',
108 silly npmInstallDependencies   'exit-hook@^2.0.0',
108 silly npmInstallDependencies   'log-update@^2.3.0',
108 silly npmInstallDependencies   'merge-deep@^3.0.2',
108 silly npmInstallDependencies   'micromatch@^3.1.10',
108 silly npmInstallDependencies   'yaml@^1.3.1',
108 silly npmInstallDependencies   'neat-log@^3.1.0' ]
109 silly npmInstallDependencies backup C:\www\dwadwadwa\packages\util\package.json
110 silly npmInstallDependencies writing tempJson { name: '@dwadwadwa/compiler',
110 silly npmInstallDependencies   version: '1.5.5',
110 silly npmInstallDependencies   description: 'Compiler abstraction for dwadwadwa.',
110 silly npmInstallDependencies   main: 'index.js',
110 silly npmInstallDependencies   repository:
110 silly npmInstallDependencies    { type: 'git',
110 silly npmInstallDependencies      url: 'git+ssh://git@github.com/the-couch/dwadwadwa.git' },
110 silly npmInstallDependencies   author: 'estrattonbailey',
110 silly npmInstallDependencies   license: 'MIT',
110 silly npmInstallDependencies   bugs:
110 silly npmInstallDependencies    { url: 'https://github.com/the-couch/dwadwadwa/issues' },
110 silly npmInstallDependencies   homepage: 'https://github.com/the-couch/dwadwadwa#readme',
110 silly npmInstallDependencies   dependencies:
110 silly npmInstallDependencies    { '@babel/core': '^7.4.5',
110 silly npmInstallDependencies      '@babel/plugin-proposal-class-properties': '^7.4.4',
110 silly npmInstallDependencies      '@babel/plugin-proposal-object-rest-spread': '^7.4.4',
110 silly npmInstallDependencies      '@babel/plugin-transform-flow-strip-types': '^7.4.4',
110 silly npmInstallDependencies      '@babel/plugin-transform-react-jsx': '^7.3.0',
110 silly npmInstallDependencies      '@babel/preset-env': '^7.4.5',
110 silly npmInstallDependencies      '@babel/preset-react': '^7.0.0',
110 silly npmInstallDependencies      acorn: '^6.1.1',
110 silly npmInstallDependencies      'ansi-colors': '^3.2.4',
110 silly npmInstallDependencies      autoprefixer: '^9.6.0',
110 silly npmInstallDependencies      'babel-loader': '^8.0.6',
110 silly npmInstallDependencies      clone: '^2.1.2',
110 silly npmInstallDependencies      'css-loader': '^2.1.0',
110 silly npmInstallDependencies      cssnano: '^4.1.10',
110 silly npmInstallDependencies      'fast-async': '^6.3.8',
110 silly npmInstallDependencies      'fs-extra': '^7.0.1',
110 silly npmInstallDependencies      'get-port': '^4.2.0',
110 silly npmInstallDependencies      'gzip-size': '^5.1.1',
110 silly npmInstallDependencies      'mini-css-extract-plugin': '^0.5.0',
110 silly npmInstallDependencies      'optimize-css-assets-webpack-plugin': '^5.0.1',
110 silly npmInstallDependencies      'pocket.io': '^0.1.4',
110 silly npmInstallDependencies      postcss: '^7.0.17',
110 silly npmInstallDependencies      'postcss-cssnext': '^3.1.0',
110 silly npmInstallDependencies      'postcss-discard-comments': '^4.0.2',
110 silly npmInstallDependencies      'postcss-import': '^12.0.1',
110 silly npmInstallDependencies      'postcss-loader': '^3.0.0',
110 silly npmInstallDependencies      'postcss-nested': '^3.0.0',
110 silly npmInstallDependencies      sass: '^1.21.0',
110 silly npmInstallDependencies      'sass-loader': '^7.1.0',
110 silly npmInstallDependencies      'socket.io': '^2.2.0',
110 silly npmInstallDependencies      'style-loader': '^0.20.3',
110 silly npmInstallDependencies      webpack: '^4.33.0' },
110 silly npmInstallDependencies   gitHead: 'a848bc78738d15356b7b36ac7c3898d36e277ffd' }
111 silly npmInstallDependencies writing tempJson { name: '@dwadwadwa/util',
111 silly npmInstallDependencies   version: '1.5.5',
111 silly npmInstallDependencies   description: 'shopify theme management toolkit',
111 silly npmInstallDependencies   main: 'index.js',
111 silly npmInstallDependencies   author: 'https://thecouch.nyc',
111 silly npmInstallDependencies   license: 'MIT',
111 silly npmInstallDependencies   homepage: 'https://github.com/the-couch/dwadwadwa#readme',
111 silly npmInstallDependencies   dependencies:
111 silly npmInstallDependencies    { 'ansi-colors': '^3.0.4',
111 silly npmInstallDependencies      exit: '^0.1.2',
111 silly npmInstallDependencies      'exit-hook': '^2.0.0',
111 silly npmInstallDependencies      'fs-extra': '^7.0.1',
111 silly npmInstallDependencies      'log-update': '^2.3.0',
111 silly npmInstallDependencies      'merge-deep': '^3.0.2',
111 silly npmInstallDependencies      micromatch: '^3.1.10',
111 silly npmInstallDependencies      'neat-log': '^3.1.0',
111 silly npmInstallDependencies      yaml: '^1.3.1' },
111 silly npmInstallDependencies   gitHead: 'a848bc78738d15356b7b36ac7c3898d36e277ffd' }
112 silly npmInstallDependencies writing tempJson { name: 'dwadwadwa',
112 silly npmInstallDependencies   version: '1.5.5',
112 silly npmInstallDependencies   description: 'A Shopify development toolkit',
112 silly npmInstallDependencies   main: 'index.js',
112 silly npmInstallDependencies   bin: { 'dwadwadwa': './cli.js' },
112 silly npmInstallDependencies   keywords: [ 'shopify', 'themekit', 'upload' ],
112 silly npmInstallDependencies   author: 'https://thecouch.nyc',
112 silly npmInstallDependencies   license: 'MIT',
112 silly npmInstallDependencies   homepage: 'https://github.com/the-couch/dwadwadwa#readme',
112 silly npmInstallDependencies   dependencies:
112 silly npmInstallDependencies    { '@friendsof/spaghetti': '^1.4.0',
112 silly npmInstallDependencies      'ansi-colors': '^3.0.4',
112 silly npmInstallDependencies      anymatch: '^2.0.0',
112 silly npmInstallDependencies      chokidar: '^2.0.4',
112 silly npmInstallDependencies      commander: '^2.19.0',
112 silly npmInstallDependencies      download: '^7.1.0',
112 silly npmInstallDependencies      exit: '^0.1.2',
112 silly npmInstallDependencies      'exit-hook': '^2.0.0',
112 silly npmInstallDependencies      'extract-zip': '^1.6.7',
112 silly npmInstallDependencies      'fs-extra': '^7.0.0',
112 silly npmInstallDependencies      'gzip-size': '^5.0.0',
112 silly npmInstallDependencies      'log-update': '^2.3.0',
112 silly npmInstallDependencies      'merge-deep': '^3.0.2',
112 silly npmInstallDependencies      micromatch: '^3.1.10',
112 silly npmInstallDependencies      'node-fetch': '^2.3.0',
112 silly npmInstallDependencies      'parse-gitignore': '^1.0.1',
112 silly npmInstallDependencies      request: '^2.88.0',
112 silly npmInstallDependencies      'socket.io': '^2.1.1',
112 silly npmInstallDependencies      'terminal-link': '^1.2.0',
112 silly npmInstallDependencies      unzipper: '^0.9.10',
112 silly npmInstallDependencies      w2t: '0.0.2',
112 silly npmInstallDependencies      webpack: '^4.26.0',
112 silly npmInstallDependencies      yaml: '^1.0.0-rc.7' },
112 silly npmInstallDependencies   gitHead: 'a848bc78738d15356b7b36ac7c3898d36e277ffd' }
113 silly npmInstallDependencies writing tempJson { name: '@dwadwadwa/sync',
113 silly npmInstallDependencies   version: '1.5.5',
113 silly npmInstallDependencies   description: 'shopify theme deployment utility',
113 silly npmInstallDependencies   main: 'index.js',
113 silly npmInstallDependencies   bin: { 'dwadwadwa-sync': './cli.js' },
113 silly npmInstallDependencies   keywords: [ 'shopify', 'themekit', 'upload' ],
113 silly npmInstallDependencies   author: 'https://thecouch.nyc',
113 silly npmInstallDependencies   license: 'MIT',
113 silly npmInstallDependencies   homepage: 'https://github.com/the-couch/dwadwadwa#readme',
113 silly npmInstallDependencies   dependencies:
113 silly npmInstallDependencies    { 'ansi-colors': '^3.0.4',
113 silly npmInstallDependencies      exit: '^0.1.2',
113 silly npmInstallDependencies      'fs-extra': '^7.0.1',
113 silly npmInstallDependencies      'log-update': '^2.3.0',
113 silly npmInstallDependencies      micromatch: '^3.1.10',
113 silly npmInstallDependencies      'node-fetch': '^2.2.0',
113 silly npmInstallDependencies      'parse-gitignore': '^1.0.1',
113 silly npmInstallDependencies      'recursive-readdir': '^2.2.2',
113 silly npmInstallDependencies      w2t: '0.0.2',
113 silly npmInstallDependencies      yaml: '^1.2.1',
113 silly npmInstallDependencies      'zip-folder': '^1.0.0' },
113 silly npmInstallDependencies   gitHead: 'a848bc78738d15356b7b36ac7c3898d36e277ffd' }
114 silly getExecOpts C:\www\dwadwadwa\packages\slater undefined
115 silly npmInstall [ 'npm', [ 'install' ] ]
116 silly npmInstallDependencies cleanup C:\www\dwadwadwa\packages\sync\package.json
117 error
